<?xml version="1.0" encoding="UTF-8"?>
<!-- Generated by org.testng.reporters.JUnitXMLReporter -->
<testsuite ignored="0" hostname="DESKTOP-C4UL4RO" failures="1" tests="1" name="Test" time="0.058" errors="0" timestamp="2024-03-12T21:11:29 IST">
  <testcase classname="fjportal.CreateNewEntity" name="createEntity" time="0.015">
    <failure type="java.lang.NullPointerException" message="Cannot invoke &amp;quot;org.openqa.selenium.WebDriver.getCurrentUrl()&amp;quot; because &amp;quot;fjportal.CreateNewEntity.driver&amp;quot; is null">
      <![CDATA[java.lang.NullPointerException: Cannot invoke "org.openqa.selenium.WebDriver.getCurrentUrl()" because "fjportal.CreateNewEntity.driver" is null
at fjportal.CreateNewEntity.createEntity(CreateNewEntity.java:27)
at java.base/java.util.ArrayList.forEach(ArrayList.java:1511)
... Removed 25 stack frames]]>
    </failure>
  </testcase> <!-- createEntity -->
</testsuite> <!-- Test -->
